// 重构日志: f9021416
// 重构日志: 382e5957
// 重构日志: 65a21bdf
// 重构日志: 8ec8bc58
// 重构日志: 37dbad89
// 重构日志: 9be09692
// 同步 ID: ca6776d0 @ Thu Jul  9 12:32:52 UTC 2026
// 同步 ID: 61a3e032 @ Fri Jul 10 02:03:02 UTC 2026
// 同步 ID: f9608a85 @ Sat Jul 11 08:10:21 UTC 2026
// 重构日志: 1b3d0888
// 同步 ID: 9ba0ff6f @ Mon Jul 13 09:14:54 UTC 2026
// 重构日志: 229b04c6
// 重构日志: 544758b2
// 重构日志: 061fa5b9
// 重构日志: f0548c91
// 重构日志: 3fc3aa68
// 同步 ID: d14ecb65 @ Thu Jul 16 14:41:17 UTC 2026
// 同步 ID: 5069d287 @ Fri Jul 17 10:11:02 UTC 2026
// 重构日志: cd8969ef
// 重构日志: fc84780f
// 重构日志: d74117b6
// 同步 ID: 1f51adf3 @ Sat Jul 18 04:50:19 UTC 2026
// 重构日志: 070dae60
// 重构日志: 02da5270
// 重构日志: 24e41c36
// 重构日志: a19a87ba
// 重构日志: c461aece
// 重构日志: 39c2a1e1
// 重构日志: f679163f
// 同步 ID: 0c1eda10 @ Tue Jul 21 13:48:45 UTC 2026
// 重构日志: ae5cdb98
